2026-02-15 00:17:08 - itemgate - INFO - 🚀 ItemGate API запущен
2026-02-15 00:17:36 - itemgate - INFO - 🛑 ItemGate API остановлен
2026-02-15 00:17:40 - itemgate - INFO - 🚀 ItemGate API запущен
2026-02-15 00:17:54 - itemgate - INFO - Запрос: POST /sima-land/search_item_to_word/Змея
2026-02-15 00:17:54 - itemgate - INFO - Ответ: POST /sima-land/search_item_to_word/Змея | Статус: 401 | Время: 0.010с
2026-02-15 00:18:05 - itemgate - INFO - Запрос: GET /auth/me
2026-02-15 00:18:05 - itemgate - INFO - Ответ: GET /auth/me | Статус: 401 | Время: 0.005с
2026-02-15 00:18:05 - itemgate - INFO - Запрос: GET /auth/me
2026-02-15 00:18:05 - itemgate - INFO - Ответ: GET /auth/me | Статус: 401 | Время: 0.002с
2026-02-15 00:18:40 - itemgate - INFO - Запрос: POST /auth/login-json
2026-02-15 00:18:40 - itemgate - INFO - Ответ: POST /auth/login-json | Статус: 200 | Время: 0.335с
2026-02-15 00:18:42 - itemgate - INFO - Запрос: GET /auth/me
2026-02-15 00:18:42 - itemgate - INFO - Ответ: GET /auth/me | Статус: 200 | Время: 0.004с
2026-02-15 00:18:42 - itemgate - INFO - Запрос: GET /sima-land/get_items
2026-02-15 00:18:42 - itemgate - INFO - Ответ: GET /sima-land/get_items | Статус: 200 | Время: 0.055с
2026-02-15 00:18:54 - itemgate - INFO - Запрос: POST /sima-land/search_item_to_word/Бумага
2026-02-15 00:18:54 - itemgate - INFO - Ответ: POST /sima-land/search_item_to_word/Бумага | Статус: 200 | Время: 0.011с
2026-02-15 00:18:58 - itemgate - INFO - Запрос: POST /sima-land/search_item_to_word/бумага
2026-02-15 00:18:58 - itemgate - INFO - Ответ: POST /sima-land/search_item_to_word/бумага | Статус: 200 | Время: 0.010с
2026-02-15 00:19:08 - itemgate - INFO - 🛑 ItemGate API остановлен
2026-02-15 00:19:17 - itemgate - INFO - 🚀 ItemGate API запущен
2026-02-15 00:19:22 - itemgate - INFO - Запрос: GET /auth/me
2026-02-15 00:19:22 - itemgate - INFO - Ответ: GET /auth/me | Статус: 200 | Время: 0.039с
2026-02-15 00:19:22 - itemgate - INFO - Запрос: GET /auth/me
2026-02-15 00:19:22 - itemgate - INFO - Ответ: GET /auth/me | Статус: 200 | Время: 0.007с
2026-02-15 00:19:22 - itemgate - INFO - Запрос: GET /sima-land/get_items
2026-02-15 00:19:22 - itemgate - INFO - Ответ: GET /sima-land/get_items | Статус: 200 | Время: 0.065с
2026-02-15 00:19:22 - itemgate - INFO - Запрос: GET /sima-land/get_items
2026-02-15 00:19:22 - itemgate - INFO - Ответ: GET /sima-land/get_items | Статус: 200 | Время: 0.059с
2026-02-15 00:19:26 - itemgate - INFO - Запрос: POST /sima-land/search_item_to_word/Бумага
2026-02-15 00:19:26 - itemgate - INFO - Ответ: POST /sima-land/search_item_to_word/Бумага | Статус: 200 | Время: 0.017с
2026-02-15 00:19:38 - itemgate - INFO - Запрос: POST /sima-land/search_item_to_word/бумага
2026-02-15 00:19:38 - itemgate - INFO - Ответ: POST /sima-land/search_item_to_word/бумага | Статус: 200 | Время: 0.008с
2026-02-15 00:20:19 - itemgate - INFO - 🛑 ItemGate API остановлен
2026-02-15 00:22:36 - itemgate - INFO - 🚀 ItemGate API запущен
2026-02-15 00:22:42 - itemgate - INFO - Запрос: POST /sima-land/search_item_to_word/бумага
2026-02-15 00:22:42 - itemgate - INFO - Ответ: POST /sima-land/search_item_to_word/бумага | Статус: 200 | Время: 0.051с
2026-02-15 00:25:22 - itemgate - INFO - 🛑 ItemGate API остановлен
2026-02-15 00:25:29 - itemgate - INFO - 🚀 ItemGate API запущен
2026-02-15 00:25:38 - itemgate - INFO - Запрос: GET /auth/me
2026-02-15 00:25:38 - itemgate - INFO - Ответ: GET /auth/me | Статус: 200 | Время: 0.038с
2026-02-15 00:25:38 - itemgate - INFO - Запрос: GET /auth/me
2026-02-15 00:25:38 - itemgate - INFO - Ответ: GET /auth/me | Статус: 200 | Время: 0.006с
2026-02-15 00:25:38 - itemgate - INFO - Запрос: GET /sima-land/get_items
2026-02-15 00:25:38 - itemgate - INFO - Ответ: GET /sima-land/get_items | Статус: 200 | Время: 0.059с
2026-02-15 00:25:38 - itemgate - INFO - Запрос: GET /sima-land/get_items
2026-02-15 00:25:38 - itemgate - INFO - Ответ: GET /sima-land/get_items | Статус: 200 | Время: 0.087с
2026-02-15 00:25:42 - itemgate - INFO - Запрос: POST /sima-land/search_item_to_word/бумага
2026-02-15 00:25:42 - itemgate - INFO - Ответ: POST /sima-land/search_item_to_word/бумага | Статус: 200 | Время: 0.014с
2026-02-15 00:25:46 - itemgate - INFO - Запрос: POST /sima-land/search_item_to_word/Бумага
2026-02-15 00:25:46 - itemgate - INFO - Ответ: POST /sima-land/search_item_to_word/Бумага | Статус: 200 | Время: 0.016с
2026-02-15 00:26:53 - itemgate - INFO - Запрос: GET /sima-land/get_items_sellers
2026-02-15 00:26:53 - itemgate - INFO - Ответ: GET /sima-land/get_items_sellers | Статус: 200 | Время: 0.018с
2026-02-15 00:28:50 - itemgate - INFO - Запрос: GET /auth/me
2026-02-15 00:28:50 - itemgate - INFO - Ответ: GET /auth/me | Статус: 200 | Время: 0.007с
2026-02-15 00:28:50 - itemgate - INFO - Запрос: GET /auth/me
2026-02-15 00:28:50 - itemgate - INFO - Ответ: GET /auth/me | Статус: 200 | Время: 0.007с
2026-02-15 00:28:50 - itemgate - INFO - Запрос: GET /sima-land/get_items
2026-02-15 00:28:50 - itemgate - INFO - Ответ: GET /sima-land/get_items | Статус: 200 | Время: 0.057с
2026-02-15 00:28:50 - itemgate - INFO - Запрос: GET /sima-land/get_items
2026-02-15 00:28:51 - itemgate - INFO - Ответ: GET /sima-land/get_items | Статус: 200 | Время: 0.079с
2026-02-15 00:28:52 - itemgate - INFO - Запрос: GET /auth/me
2026-02-15 00:28:52 - itemgate - INFO - Ответ: GET /auth/me | Статус: 200 | Время: 0.007с
2026-02-15 00:28:52 - itemgate - INFO - Запрос: GET /auth/me
2026-02-15 00:28:52 - itemgate - INFO - Ответ: GET /auth/me | Статус: 200 | Время: 0.010с
2026-02-15 00:28:52 - itemgate - INFO - Запрос: GET /sima-land/get_items
2026-02-15 00:28:53 - itemgate - INFO - Ответ: GET /sima-land/get_items | Статус: 200 | Время: 0.077с
2026-02-15 00:28:53 - itemgate - INFO - Запрос: GET /sima-land/get_items
2026-02-15 00:28:53 - itemgate - INFO - Ответ: GET /sima-land/get_items | Статус: 200 | Время: 0.169с
2026-02-15 00:42:07 - itemgate - INFO - Запрос: POST /auth/login-json
2026-02-15 00:42:07 - itemgate - INFO - Ответ: POST /auth/login-json | Статус: 200 | Время: 0.296с
2026-02-15 00:42:09 - itemgate - INFO - Запрос: GET /auth/me
2026-02-15 00:42:09 - itemgate - INFO - Ответ: GET /auth/me | Статус: 200 | Время: 0.005с
2026-02-15 00:42:09 - itemgate - INFO - Запрос: GET /sima-land/get_items
2026-02-15 00:42:09 - itemgate - INFO - Ответ: GET /sima-land/get_items | Статус: 200 | Время: 0.067с
2026-02-15 00:42:12 - itemgate - INFO - Запрос: GET /sima-land/get_items_sellers
2026-02-15 00:42:12 - itemgate - INFO - Ответ: GET /sima-land/get_items_sellers | Статус: 200 | Время: 0.011с
2026-02-15 00:42:13 - itemgate - INFO - Запрос: GET /sima-land/logs
2026-02-15 00:42:13 - itemgate - INFO - Ответ: GET /sima-land/logs | Статус: 200 | Время: 0.046с
2026-02-15 00:42:50 - itemgate - INFO - Запрос: GET /auth/me
2026-02-15 00:42:50 - itemgate - INFO - Ответ: GET /auth/me | Статус: 200 | Время: 0.005с
2026-02-15 00:42:50 - itemgate - INFO - Запрос: GET /auth/me
2026-02-15 00:42:50 - itemgate - INFO - Ответ: GET /auth/me | Статус: 200 | Время: 0.006с
2026-02-15 00:42:50 - itemgate - INFO - Запрос: GET /sima-land/get_items
2026-02-15 00:42:50 - itemgate - INFO - Ответ: GET /sima-land/get_items | Статус: 200 | Время: 0.073с
2026-02-15 00:42:50 - itemgate - INFO - Запрос: GET /sima-land/get_items
2026-02-15 00:42:50 - itemgate - INFO - Ответ: GET /sima-land/get_items | Статус: 200 | Время: 0.072с
2026-02-15 00:43:05 - itemgate - INFO - Запрос: GET /excel/export-items
2026-02-15 00:43:05 - itemgate - INFO - Ответ: GET /excel/export-items | Статус: 200 | Время: 0.109с
2026-02-15 00:43:26 - itemgate - INFO - Запрос: GET /sima-land/logs
2026-02-15 00:43:26 - itemgate - INFO - Ответ: GET /sima-land/logs | Статус: 200 | Время: 0.007с
2026-02-15 00:43:33 - itemgate - INFO - Запрос: GET /sima-land/get_items_sellers
2026-02-15 00:43:33 - itemgate - INFO - Ответ: GET /sima-land/get_items_sellers | Статус: 200 | Время: 0.007с
2026-02-15 00:43:35 - itemgate - INFO - Запрос: POST /sima-land/ai_generate_desc_seller/603
2026-02-15 00:43:36 - itemgate - INFO - Запрос: POST /sima-land/ai_generate_desc_seller/602
2026-02-15 00:43:36 - itemgate - INFO - Запрос: POST /sima-land/ai_generate_desc_seller/601
2026-02-15 00:43:37 - itemgate - INFO - Запрос: POST /sima-land/ai_generate_desc_seller/600
2026-02-15 00:43:44 - itemgate - INFO - Ответ: POST /sima-land/ai_generate_desc_seller/601 | Статус: 200 | Время: 7.144с
2026-02-15 00:43:44 - itemgate - INFO - Запрос: GET /sima-land/get_items
2026-02-15 00:43:44 - itemgate - INFO - Ответ: GET /sima-land/get_items | Статус: 200 | Время: 0.046с
2026-02-15 00:43:44 - itemgate - INFO - Запрос: GET /sima-land/get_items_sellers
2026-02-15 00:43:44 - itemgate - INFO - Ответ: GET /sima-land/get_items_sellers | Статус: 200 | Время: 0.020с
2026-02-15 00:43:47 - itemgate - INFO - Ответ: POST /sima-land/ai_generate_desc_seller/600 | Статус: 500 | Время: 9.914с
2026-02-15 00:43:56 - itemgate - INFO - Запрос: GET /sima-land/get_items_sellers
2026-02-15 00:43:56 - itemgate - INFO - Ответ: GET /sima-land/get_items_sellers | Статус: 200 | Время: 0.012с
2026-02-15 00:43:57 - itemgate - INFO - Запрос: GET /sima-land/get_items_sellers
2026-02-15 00:43:57 - itemgate - INFO - Ответ: GET /sima-land/get_items_sellers | Статус: 200 | Время: 0.012с
2026-02-15 00:43:58 - itemgate - INFO - Запрос: GET /sima-land/get_items_sellers
2026-02-15 00:43:58 - itemgate - INFO - Ответ: GET /sima-land/get_items_sellers | Статус: 200 | Время: 0.012с
2026-02-15 00:44:11 - itemgate - INFO - Ответ: POST /sima-land/ai_generate_desc_seller/602 | Статус: 200 | Время: 35.308с
2026-02-15 00:44:11 - itemgate - INFO - Запрос: GET /sima-land/get_items
2026-02-15 00:44:11 - itemgate - INFO - Ответ: GET /sima-land/get_items | Статус: 200 | Время: 0.083с
2026-02-15 00:44:11 - itemgate - INFO - Запрос: GET /sima-land/get_items_sellers
2026-02-15 00:44:11 - itemgate - INFO - Ответ: GET /sima-land/get_items_sellers | Статус: 200 | Время: 0.020с
2026-02-15 00:44:19 - itemgate - INFO - Ответ: POST /sima-land/ai_generate_desc_seller/603 | Статус: 200 | Время: 44.064с
2026-02-15 00:44:19 - itemgate - INFO - Запрос: GET /sima-land/get_items
2026-02-15 00:44:19 - itemgate - INFO - Ответ: GET /sima-land/get_items | Статус: 200 | Время: 0.042с
2026-02-15 00:44:19 - itemgate - INFO - Запрос: GET /sima-land/get_items_sellers
2026-02-15 00:44:19 - itemgate - INFO - Ответ: GET /sima-land/get_items_sellers | Статус: 200 | Время: 0.012с
2026-02-15 00:49:43 - itemgate - INFO - Запрос: GET /sima-land/logs
2026-02-15 00:49:43 - itemgate - INFO - Ответ: GET /sima-land/logs | Статус: 200 | Время: 0.009с
2026-02-15 00:51:33 - itemgate - INFO - Запрос: GET /auth/me
2026-02-15 00:51:33 - itemgate - INFO - Ответ: GET /auth/me | Статус: 200 | Время: 0.004с
2026-02-15 00:51:33 - itemgate - INFO - Запрос: GET /auth/me
2026-02-15 00:51:33 - itemgate - INFO - Ответ: GET /auth/me | Статус: 200 | Время: 0.003с
2026-02-15 00:51:33 - itemgate - INFO - Запрос: GET /sima-land/get_items
2026-02-15 00:51:33 - itemgate - INFO - Ответ: GET /sima-land/get_items | Статус: 200 | Время: 0.085с
2026-02-15 00:51:33 - itemgate - INFO - Запрос: GET /sima-land/get_items
2026-02-15 00:51:33 - itemgate - INFO - Ответ: GET /sima-land/get_items | Статус: 200 | Время: 0.047с
2026-02-15 00:52:59 - itemgate - INFO - Запрос: POST /auth/login-json
2026-02-15 00:52:59 - itemgate - INFO - Ответ: POST /auth/login-json | Статус: 200 | Время: 0.232с
2026-02-15 00:53:01 - itemgate - INFO - Запрос: GET /auth/me
2026-02-15 00:53:01 - itemgate - INFO - Ответ: GET /auth/me | Статус: 200 | Время: 0.003с
2026-02-15 00:53:01 - itemgate - INFO - Запрос: GET /sima-land/get_items
2026-02-15 00:53:01 - itemgate - INFO - Ответ: GET /sima-land/get_items | Статус: 200 | Время: 0.037с
2026-02-15 00:53:27 - itemgate - INFO - Запрос: GET /sima-land/get_items_sellers
2026-02-15 00:53:27 - itemgate - INFO - Ответ: GET /sima-land/get_items_sellers | Статус: 200 | Время: 0.010с
2026-02-15 00:53:45 - itemgate - INFO - Запрос: GET /sima-land/logs
2026-02-15 00:53:45 - itemgate - INFO - Ответ: GET /sima-land/logs | Статус: 200 | Время: 0.006с
2026-02-15 00:53:48 - itemgate - INFO - Запрос: GET /sima-land/logs
2026-02-15 00:53:48 - itemgate - INFO - Ответ: GET /sima-land/logs | Статус: 200 | Время: 0.007с
2026-02-15 00:54:39 - itemgate - INFO - 🛑 ItemGate API остановлен
