2026-02-14 02:11:19 - itemgate - ERROR - Ошибка: GET /auth/me | Время: 0.019с | Ошибка: (sqlite3.OperationalError) no such table: users
[SQL: SELECT users.email, users.hashed_password, users.full_name, users.is_active, users.role, users.id, users.created_at, users.updated_at 
FROM users 
WHERE users.email = ?]
[parameters: ('test3@com.com',)]
(Background on this error at: https://sqlalche.me/e/20/e3q8)
Traceback (most recent call last):
  File "C:\Users\doshi\Documents\Coding\github_projects\ItemGate\venv\Lib\site-packages\sqlalchemy\engine\base.py", line 1967, in _exec_single_context
    self.dialect.do_execute(
    ~~~~~~~~~~~~~~~~~~~~~~~^
        cursor, str_statement, effective_parameters, context
        ^^^^^^^^^^^^^^^^^^^^^^^^^^^^^^^^^^^^^^^^^^^^^^^^^^^^
    )
    ^
  File "C:\Users\doshi\Documents\Coding\github_projects\ItemGate\venv\Lib\site-packages\sqlalchemy\engine\default.py", line 952, in do_execute
    cursor.execute(statement, parameters)
    ~~~~~~~~~~~~~~^^^^^^^^^^^^^^^^^^^^^^^
  File "C:\Users\doshi\Documents\Coding\github_projects\ItemGate\venv\Lib\site-packages\sqlalchemy\dialects\sqlite\aiosqlite.py", line 180, in execute
    self._adapt_connection._handle_exception(error)
    ~~~~~~~~~~~~~~~~~~~~~~~~~~~~~~~~~~~~~~~~^^^^^^^
  File "C:\Users\doshi\Documents\Coding\github_projects\ItemGate\venv\Lib\site-packages\sqlalchemy\dialects\sqlite\aiosqlite.py", line 340, in _handle_exception
    raise error
  File "C:\Users\doshi\Documents\Coding\github_projects\ItemGate\venv\Lib\site-packages\sqlalchemy\dialects\sqlite\aiosqlite.py", line 162, in execute
    self.await_(_cursor.execute(operation, parameters))
    ~~~~~~~~~~~^^^^^^^^^^^^^^^^^^^^^^^^^^^^^^^^^^^^^^^^
  File "C:\Users\doshi\Documents\Coding\github_projects\ItemGate\venv\Lib\site-packages\sqlalchemy\util\_concurrency_py3k.py", line 132, in await_only
    return current.parent.switch(awaitable)  # type: ignore[no-any-return,attr-defined] # noqa: E501
           ~~~~~~~~~~~~~~~~~~~~~^^^^^^^^^^^
  File "C:\Users\doshi\Documents\Coding\github_projects\ItemGate\venv\Lib\site-packages\sqlalchemy\util\_concurrency_py3k.py", line 196, in greenlet_spawn
    value = await result
            ^^^^^^^^^^^^
  File "C:\Users\doshi\Documents\Coding\github_projects\ItemGate\venv\Lib\site-packages\aiosqlite\cursor.py", line 40, in execute
    await self._execute(self._cursor.execute, sql, parameters)
  File "C:\Users\doshi\Documents\Coding\github_projects\ItemGate\venv\Lib\site-packages\aiosqlite\cursor.py", line 32, in _execute
    return await self._conn._execute(fn, *args, **kwargs)
           ^^^^^^^^^^^^^^^^^^^^^^^^^^^^^^^^^^^^^^^^^^^^^^
  File "C:\Users\doshi\Documents\Coding\github_projects\ItemGate\venv\Lib\site-packages\aiosqlite\core.py", line 160, in _execute
    return await future
           ^^^^^^^^^^^^
  File "C:\Users\doshi\Documents\Coding\github_projects\ItemGate\venv\Lib\site-packages\aiosqlite\core.py", line 63, in _connection_worker_thread
    result = function()
sqlite3.OperationalError: no such table: users

The above exception was the direct cause of the following exception:

Traceback (most recent call last):
  File "C:\Users\doshi\Documents\Coding\github_projects\ItemGate\src\itemgate_app\main.py", line 20, in log_requests
    response = await call_next(request)
               ^^^^^^^^^^^^^^^^^^^^^^^^
  File "C:\Users\doshi\Documents\Coding\github_projects\ItemGate\venv\Lib\site-packages\starlette\middleware\base.py", line 168, in call_next
    raise app_exc from app_exc.__cause__ or app_exc.__context__
  File "C:\Users\doshi\Documents\Coding\github_projects\ItemGate\venv\Lib\site-packages\starlette\middleware\base.py", line 144, in coro
    await self.app(scope, receive_or_disconnect, send_no_error)
  File "C:\Users\doshi\Documents\Coding\github_projects\ItemGate\venv\Lib\site-packages\starlette\middleware\exceptions.py", line 63, in __call__
    await wrap_app_handling_exceptions(self.app, conn)(scope, receive, send)
  File "C:\Users\doshi\Documents\Coding\github_projects\ItemGate\venv\Lib\site-packages\starlette\_exception_handler.py", line 53, in wrapped_app
    raise exc
  File "C:\Users\doshi\Documents\Coding\github_projects\ItemGate\venv\Lib\site-packages\starlette\_exception_handler.py", line 42, in wrapped_app
    await app(scope, receive, sender)
  File "C:\Users\doshi\Documents\Coding\github_projects\ItemGate\venv\Lib\site-packages\fastapi\middleware\asyncexitstack.py", line 18, in __call__
    await self.app(scope, receive, send)
  File "C:\Users\doshi\Documents\Coding\github_projects\ItemGate\venv\Lib\site-packages\starlette\routing.py", line 716, in __call__
    await self.middleware_stack(scope, receive, send)
  File "C:\Users\doshi\Documents\Coding\github_projects\ItemGate\venv\Lib\site-packages\starlette\routing.py", line 736, in app
    await route.handle(scope, receive, send)
  File "C:\Users\doshi\Documents\Coding\github_projects\ItemGate\venv\Lib\site-packages\starlette\routing.py", line 290, in handle
    await self.app(scope, receive, send)
  File "C:\Users\doshi\Documents\Coding\github_projects\ItemGate\venv\Lib\site-packages\fastapi\routing.py", line 115, in app
    await wrap_app_handling_exceptions(app, request)(scope, receive, send)
  File "C:\Users\doshi\Documents\Coding\github_projects\ItemGate\venv\Lib\site-packages\starlette\_exception_handler.py", line 53, in wrapped_app
    raise exc
  File "C:\Users\doshi\Documents\Coding\github_projects\ItemGate\venv\Lib\site-packages\starlette\_exception_handler.py", line 42, in wrapped_app
    await app(scope, receive, sender)
  File "C:\Users\doshi\Documents\Coding\github_projects\ItemGate\venv\Lib\site-packages\fastapi\routing.py", line 101, in app
    response = await f(request)
               ^^^^^^^^^^^^^^^^
  File "C:\Users\doshi\Documents\Coding\github_projects\ItemGate\venv\Lib\site-packages\fastapi\routing.py", line 345, in app
    solved_result = await solve_dependencies(
                    ^^^^^^^^^^^^^^^^^^^^^^^^^
    ...<6 lines>...
    )
    ^
  File "C:\Users\doshi\Documents\Coding\github_projects\ItemGate\venv\Lib\site-packages\fastapi\dependencies\utils.py", line 614, in solve_dependencies
    solved_result = await solve_dependencies(
                    ^^^^^^^^^^^^^^^^^^^^^^^^^
    ...<9 lines>...
    )
    ^
  File "C:\Users\doshi\Documents\Coding\github_projects\ItemGate\venv\Lib\site-packages\fastapi\dependencies\utils.py", line 643, in solve_dependencies
    solved = await call(**solved_result.values)
             ^^^^^^^^^^^^^^^^^^^^^^^^^^^^^^^^^^
  File "C:\Users\doshi\Documents\Coding\github_projects\ItemGate\src\itemgate_app\services\auth.py", line 84, in get_current_user
    user = await get_user_by_email(db, email=token_data.email)
           ^^^^^^^^^^^^^^^^^^^^^^^^^^^^^^^^^^^^^^^^^^^^^^^^^^^
  File "C:\Users\doshi\Documents\Coding\github_projects\ItemGate\src\itemgate_app\services\auth.py", line 51, in get_user_by_email
    result = await db.execute(select(User).where(User.email == email))
             ^^^^^^^^^^^^^^^^^^^^^^^^^^^^^^^^^^^^^^^^^^^^^^^^^^^^^^^^^
  File "C:\Users\doshi\Documents\Coding\github_projects\ItemGate\venv\Lib\site-packages\sqlalchemy\ext\asyncio\session.py", line 449, in execute
    result = await greenlet_spawn(
             ^^^^^^^^^^^^^^^^^^^^^
    ...<6 lines>...
    )
    ^
  File "C:\Users\doshi\Documents\Coding\github_projects\ItemGate\venv\Lib\site-packages\sqlalchemy\util\_concurrency_py3k.py", line 201, in greenlet_spawn
    result = context.throw(*sys.exc_info())
  File "C:\Users\doshi\Documents\Coding\github_projects\ItemGate\venv\Lib\site-packages\sqlalchemy\orm\session.py", line 2351, in execute
    return self._execute_internal(
           ~~~~~~~~~~~~~~~~~~~~~~^
        statement,
        ^^^^^^^^^^
    ...<4 lines>...
        _add_event=_add_event,
        ^^^^^^^^^^^^^^^^^^^^^^
    )
    ^
  File "C:\Users\doshi\Documents\Coding\github_projects\ItemGate\venv\Lib\site-packages\sqlalchemy\orm\session.py", line 2249, in _execute_internal
    result: Result[Any] = compile_state_cls.orm_execute_statement(
                          ~~~~~~~~~~~~~~~~~~~~~~~~~~~~~~~~~~~~~~~^
        self,
        ^^^^^
    ...<4 lines>...
        conn,
        ^^^^^
    )
    ^
  File "C:\Users\doshi\Documents\Coding\github_projects\ItemGate\venv\Lib\site-packages\sqlalchemy\orm\context.py", line 306, in orm_execute_statement
    result = conn.execute(
        statement, params or {}, execution_options=execution_options
    )
  File "C:\Users\doshi\Documents\Coding\github_projects\ItemGate\venv\Lib\site-packages\sqlalchemy\engine\base.py", line 1419, in execute
    return meth(
        self,
        distilled_parameters,
        execution_options or NO_OPTIONS,
    )
  File "C:\Users\doshi\Documents\Coding\github_projects\ItemGate\venv\Lib\site-packages\sqlalchemy\sql\elements.py", line 527, in _execute_on_connection
    return connection._execute_clauseelement(
           ~~~~~~~~~~~~~~~~~~~~~~~~~~~~~~~~~^
        self, distilled_params, execution_options
        ^^^^^^^^^^^^^^^^^^^^^^^^^^^^^^^^^^^^^^^^^
    )
    ^
  File "C:\Users\doshi\Documents\Coding\github_projects\ItemGate\venv\Lib\site-packages\sqlalchemy\engine\base.py", line 1641, in _execute_clauseelement
    ret = self._execute_context(
        dialect,
    ...<8 lines>...
        cache_hit=cache_hit,
    )
  File "C:\Users\doshi\Documents\Coding\github_projects\ItemGate\venv\Lib\site-packages\sqlalchemy\engine\base.py", line 1846, in _execute_context
    return self._exec_single_context(
           ~~~~~~~~~~~~~~~~~~~~~~~~~^
        dialect, context, statement, parameters
        ^^^^^^^^^^^^^^^^^^^^^^^^^^^^^^^^^^^^^^^
    )
    ^
  File "C:\Users\doshi\Documents\Coding\github_projects\ItemGate\venv\Lib\site-packages\sqlalchemy\engine\base.py", line 1986, in _exec_single_context
    self._handle_dbapi_exception(
    ~~~~~~~~~~~~~~~~~~~~~~~~~~~~^
        e, str_statement, effective_parameters, cursor, context
        ^^^^^^^^^^^^^^^^^^^^^^^^^^^^^^^^^^^^^^^^^^^^^^^^^^^^^^^
    )
    ^
  File "C:\Users\doshi\Documents\Coding\github_projects\ItemGate\venv\Lib\site-packages\sqlalchemy\engine\base.py", line 2363, in _handle_dbapi_exception
    raise sqlalchemy_exception.with_traceback(exc_info[2]) from e
  File "C:\Users\doshi\Documents\Coding\github_projects\ItemGate\venv\Lib\site-packages\sqlalchemy\engine\base.py", line 1967, in _exec_single_context
    self.dialect.do_execute(
    ~~~~~~~~~~~~~~~~~~~~~~~^
        cursor, str_statement, effective_parameters, context
        ^^^^^^^^^^^^^^^^^^^^^^^^^^^^^^^^^^^^^^^^^^^^^^^^^^^^
    )
    ^
  File "C:\Users\doshi\Documents\Coding\github_projects\ItemGate\venv\Lib\site-packages\sqlalchemy\engine\default.py", line 952, in do_execute
    cursor.execute(statement, parameters)
    ~~~~~~~~~~~~~~^^^^^^^^^^^^^^^^^^^^^^^
  File "C:\Users\doshi\Documents\Coding\github_projects\ItemGate\venv\Lib\site-packages\sqlalchemy\dialects\sqlite\aiosqlite.py", line 180, in execute
    self._adapt_connection._handle_exception(error)
    ~~~~~~~~~~~~~~~~~~~~~~~~~~~~~~~~~~~~~~~~^^^^^^^
  File "C:\Users\doshi\Documents\Coding\github_projects\ItemGate\venv\Lib\site-packages\sqlalchemy\dialects\sqlite\aiosqlite.py", line 340, in _handle_exception
    raise error
  File "C:\Users\doshi\Documents\Coding\github_projects\ItemGate\venv\Lib\site-packages\sqlalchemy\dialects\sqlite\aiosqlite.py", line 162, in execute
    self.await_(_cursor.execute(operation, parameters))
    ~~~~~~~~~~~^^^^^^^^^^^^^^^^^^^^^^^^^^^^^^^^^^^^^^^^
  File "C:\Users\doshi\Documents\Coding\github_projects\ItemGate\venv\Lib\site-packages\sqlalchemy\util\_concurrency_py3k.py", line 132, in await_only
    return current.parent.switch(awaitable)  # type: ignore[no-any-return,attr-defined] # noqa: E501
           ~~~~~~~~~~~~~~~~~~~~~^^^^^^^^^^^
  File "C:\Users\doshi\Documents\Coding\github_projects\ItemGate\venv\Lib\site-packages\sqlalchemy\util\_concurrency_py3k.py", line 196, in greenlet_spawn
    value = await result
            ^^^^^^^^^^^^
  File "C:\Users\doshi\Documents\Coding\github_projects\ItemGate\venv\Lib\site-packages\aiosqlite\cursor.py", line 40, in execute
    await self._execute(self._cursor.execute, sql, parameters)
  File "C:\Users\doshi\Documents\Coding\github_projects\ItemGate\venv\Lib\site-packages\aiosqlite\cursor.py", line 32, in _execute
    return await self._conn._execute(fn, *args, **kwargs)
           ^^^^^^^^^^^^^^^^^^^^^^^^^^^^^^^^^^^^^^^^^^^^^^
  File "C:\Users\doshi\Documents\Coding\github_projects\ItemGate\venv\Lib\site-packages\aiosqlite\core.py", line 160, in _execute
    return await future
           ^^^^^^^^^^^^
  File "C:\Users\doshi\Documents\Coding\github_projects\ItemGate\venv\Lib\site-packages\aiosqlite\core.py", line 63, in _connection_worker_thread
    result = function()
sqlalchemy.exc.OperationalError: (sqlite3.OperationalError) no such table: users
[SQL: SELECT users.email, users.hashed_password, users.full_name, users.is_active, users.role, users.id, users.created_at, users.updated_at 
FROM users 
WHERE users.email = ?]
[parameters: ('test3@com.com',)]
(Background on this error at: https://sqlalche.me/e/20/e3q8)
2026-02-14 02:11:20 - itemgate - ERROR - Ошибка: GET /auth/me | Время: 0.003с | Ошибка: (sqlite3.OperationalError) no such table: users
[SQL: SELECT users.email, users.hashed_password, users.full_name, users.is_active, users.role, users.id, users.created_at, users.updated_at 
FROM users 
WHERE users.email = ?]
[parameters: ('test3@com.com',)]
(Background on this error at: https://sqlalche.me/e/20/e3q8)
Traceback (most recent call last):
  File "C:\Users\doshi\Documents\Coding\github_projects\ItemGate\venv\Lib\site-packages\sqlalchemy\engine\base.py", line 1967, in _exec_single_context
    self.dialect.do_execute(
    ~~~~~~~~~~~~~~~~~~~~~~~^
        cursor, str_statement, effective_parameters, context
        ^^^^^^^^^^^^^^^^^^^^^^^^^^^^^^^^^^^^^^^^^^^^^^^^^^^^
    )
    ^
  File "C:\Users\doshi\Documents\Coding\github_projects\ItemGate\venv\Lib\site-packages\sqlalchemy\engine\default.py", line 952, in do_execute
    cursor.execute(statement, parameters)
    ~~~~~~~~~~~~~~^^^^^^^^^^^^^^^^^^^^^^^
  File "C:\Users\doshi\Documents\Coding\github_projects\ItemGate\venv\Lib\site-packages\sqlalchemy\dialects\sqlite\aiosqlite.py", line 180, in execute
    self._adapt_connection._handle_exception(error)
    ~~~~~~~~~~~~~~~~~~~~~~~~~~~~~~~~~~~~~~~~^^^^^^^
  File "C:\Users\doshi\Documents\Coding\github_projects\ItemGate\venv\Lib\site-packages\sqlalchemy\dialects\sqlite\aiosqlite.py", line 340, in _handle_exception
    raise error
  File "C:\Users\doshi\Documents\Coding\github_projects\ItemGate\venv\Lib\site-packages\sqlalchemy\dialects\sqlite\aiosqlite.py", line 162, in execute
    self.await_(_cursor.execute(operation, parameters))
    ~~~~~~~~~~~^^^^^^^^^^^^^^^^^^^^^^^^^^^^^^^^^^^^^^^^
  File "C:\Users\doshi\Documents\Coding\github_projects\ItemGate\venv\Lib\site-packages\sqlalchemy\util\_concurrency_py3k.py", line 132, in await_only
    return current.parent.switch(awaitable)  # type: ignore[no-any-return,attr-defined] # noqa: E501
           ~~~~~~~~~~~~~~~~~~~~~^^^^^^^^^^^
  File "C:\Users\doshi\Documents\Coding\github_projects\ItemGate\venv\Lib\site-packages\sqlalchemy\util\_concurrency_py3k.py", line 196, in greenlet_spawn
    value = await result
            ^^^^^^^^^^^^
  File "C:\Users\doshi\Documents\Coding\github_projects\ItemGate\venv\Lib\site-packages\aiosqlite\cursor.py", line 40, in execute
    await self._execute(self._cursor.execute, sql, parameters)
  File "C:\Users\doshi\Documents\Coding\github_projects\ItemGate\venv\Lib\site-packages\aiosqlite\cursor.py", line 32, in _execute
    return await self._conn._execute(fn, *args, **kwargs)
           ^^^^^^^^^^^^^^^^^^^^^^^^^^^^^^^^^^^^^^^^^^^^^^
  File "C:\Users\doshi\Documents\Coding\github_projects\ItemGate\venv\Lib\site-packages\aiosqlite\core.py", line 160, in _execute
    return await future
           ^^^^^^^^^^^^
  File "C:\Users\doshi\Documents\Coding\github_projects\ItemGate\venv\Lib\site-packages\aiosqlite\core.py", line 63, in _connection_worker_thread
    result = function()
sqlite3.OperationalError: no such table: users

The above exception was the direct cause of the following exception:

Traceback (most recent call last):
  File "C:\Users\doshi\Documents\Coding\github_projects\ItemGate\src\itemgate_app\main.py", line 20, in log_requests
    response = await call_next(request)
               ^^^^^^^^^^^^^^^^^^^^^^^^
  File "C:\Users\doshi\Documents\Coding\github_projects\ItemGate\venv\Lib\site-packages\starlette\middleware\base.py", line 168, in call_next
    raise app_exc from app_exc.__cause__ or app_exc.__context__
  File "C:\Users\doshi\Documents\Coding\github_projects\ItemGate\venv\Lib\site-packages\starlette\middleware\base.py", line 144, in coro
    await self.app(scope, receive_or_disconnect, send_no_error)
  File "C:\Users\doshi\Documents\Coding\github_projects\ItemGate\venv\Lib\site-packages\starlette\middleware\exceptions.py", line 63, in __call__
    await wrap_app_handling_exceptions(self.app, conn)(scope, receive, send)
  File "C:\Users\doshi\Documents\Coding\github_projects\ItemGate\venv\Lib\site-packages\starlette\_exception_handler.py", line 53, in wrapped_app
    raise exc
  File "C:\Users\doshi\Documents\Coding\github_projects\ItemGate\venv\Lib\site-packages\starlette\_exception_handler.py", line 42, in wrapped_app
    await app(scope, receive, sender)
  File "C:\Users\doshi\Documents\Coding\github_projects\ItemGate\venv\Lib\site-packages\fastapi\middleware\asyncexitstack.py", line 18, in __call__
    await self.app(scope, receive, send)
  File "C:\Users\doshi\Documents\Coding\github_projects\ItemGate\venv\Lib\site-packages\starlette\routing.py", line 716, in __call__
    await self.middleware_stack(scope, receive, send)
  File "C:\Users\doshi\Documents\Coding\github_projects\ItemGate\venv\Lib\site-packages\starlette\routing.py", line 736, in app
    await route.handle(scope, receive, send)
  File "C:\Users\doshi\Documents\Coding\github_projects\ItemGate\venv\Lib\site-packages\starlette\routing.py", line 290, in handle
    await self.app(scope, receive, send)
  File "C:\Users\doshi\Documents\Coding\github_projects\ItemGate\venv\Lib\site-packages\fastapi\routing.py", line 115, in app
    await wrap_app_handling_exceptions(app, request)(scope, receive, send)
  File "C:\Users\doshi\Documents\Coding\github_projects\ItemGate\venv\Lib\site-packages\starlette\_exception_handler.py", line 53, in wrapped_app
    raise exc
  File "C:\Users\doshi\Documents\Coding\github_projects\ItemGate\venv\Lib\site-packages\starlette\_exception_handler.py", line 42, in wrapped_app
    await app(scope, receive, sender)
  File "C:\Users\doshi\Documents\Coding\github_projects\ItemGate\venv\Lib\site-packages\fastapi\routing.py", line 101, in app
    response = await f(request)
               ^^^^^^^^^^^^^^^^
  File "C:\Users\doshi\Documents\Coding\github_projects\ItemGate\venv\Lib\site-packages\fastapi\routing.py", line 345, in app
    solved_result = await solve_dependencies(
                    ^^^^^^^^^^^^^^^^^^^^^^^^^
    ...<6 lines>...
    )
    ^
  File "C:\Users\doshi\Documents\Coding\github_projects\ItemGate\venv\Lib\site-packages\fastapi\dependencies\utils.py", line 614, in solve_dependencies
    solved_result = await solve_dependencies(
                    ^^^^^^^^^^^^^^^^^^^^^^^^^
    ...<9 lines>...
    )
    ^
  File "C:\Users\doshi\Documents\Coding\github_projects\ItemGate\venv\Lib\site-packages\fastapi\dependencies\utils.py", line 643, in solve_dependencies
    solved = await call(**solved_result.values)
             ^^^^^^^^^^^^^^^^^^^^^^^^^^^^^^^^^^
  File "C:\Users\doshi\Documents\Coding\github_projects\ItemGate\src\itemgate_app\services\auth.py", line 84, in get_current_user
    user = await get_user_by_email(db, email=token_data.email)
           ^^^^^^^^^^^^^^^^^^^^^^^^^^^^^^^^^^^^^^^^^^^^^^^^^^^
  File "C:\Users\doshi\Documents\Coding\github_projects\ItemGate\src\itemgate_app\services\auth.py", line 51, in get_user_by_email
    result = await db.execute(select(User).where(User.email == email))
             ^^^^^^^^^^^^^^^^^^^^^^^^^^^^^^^^^^^^^^^^^^^^^^^^^^^^^^^^^
  File "C:\Users\doshi\Documents\Coding\github_projects\ItemGate\venv\Lib\site-packages\sqlalchemy\ext\asyncio\session.py", line 449, in execute
    result = await greenlet_spawn(
             ^^^^^^^^^^^^^^^^^^^^^
    ...<6 lines>...
    )
    ^
  File "C:\Users\doshi\Documents\Coding\github_projects\ItemGate\venv\Lib\site-packages\sqlalchemy\util\_concurrency_py3k.py", line 201, in greenlet_spawn
    result = context.throw(*sys.exc_info())
  File "C:\Users\doshi\Documents\Coding\github_projects\ItemGate\venv\Lib\site-packages\sqlalchemy\orm\session.py", line 2351, in execute
    return self._execute_internal(
           ~~~~~~~~~~~~~~~~~~~~~~^
        statement,
        ^^^^^^^^^^
    ...<4 lines>...
        _add_event=_add_event,
        ^^^^^^^^^^^^^^^^^^^^^^
    )
    ^
  File "C:\Users\doshi\Documents\Coding\github_projects\ItemGate\venv\Lib\site-packages\sqlalchemy\orm\session.py", line 2249, in _execute_internal
    result: Result[Any] = compile_state_cls.orm_execute_statement(
                          ~~~~~~~~~~~~~~~~~~~~~~~~~~~~~~~~~~~~~~~^
        self,
        ^^^^^
    ...<4 lines>...
        conn,
        ^^^^^
    )
    ^
  File "C:\Users\doshi\Documents\Coding\github_projects\ItemGate\venv\Lib\site-packages\sqlalchemy\orm\context.py", line 306, in orm_execute_statement
    result = conn.execute(
        statement, params or {}, execution_options=execution_options
    )
  File "C:\Users\doshi\Documents\Coding\github_projects\ItemGate\venv\Lib\site-packages\sqlalchemy\engine\base.py", line 1419, in execute
    return meth(
        self,
        distilled_parameters,
        execution_options or NO_OPTIONS,
    )
  File "C:\Users\doshi\Documents\Coding\github_projects\ItemGate\venv\Lib\site-packages\sqlalchemy\sql\elements.py", line 527, in _execute_on_connection
    return connection._execute_clauseelement(
           ~~~~~~~~~~~~~~~~~~~~~~~~~~~~~~~~~^
        self, distilled_params, execution_options
        ^^^^^^^^^^^^^^^^^^^^^^^^^^^^^^^^^^^^^^^^^
    )
    ^
  File "C:\Users\doshi\Documents\Coding\github_projects\ItemGate\venv\Lib\site-packages\sqlalchemy\engine\base.py", line 1641, in _execute_clauseelement
    ret = self._execute_context(
        dialect,
    ...<8 lines>...
        cache_hit=cache_hit,
    )
  File "C:\Users\doshi\Documents\Coding\github_projects\ItemGate\venv\Lib\site-packages\sqlalchemy\engine\base.py", line 1846, in _execute_context
    return self._exec_single_context(
           ~~~~~~~~~~~~~~~~~~~~~~~~~^
        dialect, context, statement, parameters
        ^^^^^^^^^^^^^^^^^^^^^^^^^^^^^^^^^^^^^^^
    )
    ^
  File "C:\Users\doshi\Documents\Coding\github_projects\ItemGate\venv\Lib\site-packages\sqlalchemy\engine\base.py", line 1986, in _exec_single_context
    self._handle_dbapi_exception(
    ~~~~~~~~~~~~~~~~~~~~~~~~~~~~^
        e, str_statement, effective_parameters, cursor, context
        ^^^^^^^^^^^^^^^^^^^^^^^^^^^^^^^^^^^^^^^^^^^^^^^^^^^^^^^
    )
    ^
  File "C:\Users\doshi\Documents\Coding\github_projects\ItemGate\venv\Lib\site-packages\sqlalchemy\engine\base.py", line 2363, in _handle_dbapi_exception
    raise sqlalchemy_exception.with_traceback(exc_info[2]) from e
  File "C:\Users\doshi\Documents\Coding\github_projects\ItemGate\venv\Lib\site-packages\sqlalchemy\engine\base.py", line 1967, in _exec_single_context
    self.dialect.do_execute(
    ~~~~~~~~~~~~~~~~~~~~~~~^
        cursor, str_statement, effective_parameters, context
        ^^^^^^^^^^^^^^^^^^^^^^^^^^^^^^^^^^^^^^^^^^^^^^^^^^^^
    )
    ^
  File "C:\Users\doshi\Documents\Coding\github_projects\ItemGate\venv\Lib\site-packages\sqlalchemy\engine\default.py", line 952, in do_execute
    cursor.execute(statement, parameters)
    ~~~~~~~~~~~~~~^^^^^^^^^^^^^^^^^^^^^^^
  File "C:\Users\doshi\Documents\Coding\github_projects\ItemGate\venv\Lib\site-packages\sqlalchemy\dialects\sqlite\aiosqlite.py", line 180, in execute
    self._adapt_connection._handle_exception(error)
    ~~~~~~~~~~~~~~~~~~~~~~~~~~~~~~~~~~~~~~~~^^^^^^^
  File "C:\Users\doshi\Documents\Coding\github_projects\ItemGate\venv\Lib\site-packages\sqlalchemy\dialects\sqlite\aiosqlite.py", line 340, in _handle_exception
    raise error
  File "C:\Users\doshi\Documents\Coding\github_projects\ItemGate\venv\Lib\site-packages\sqlalchemy\dialects\sqlite\aiosqlite.py", line 162, in execute
    self.await_(_cursor.execute(operation, parameters))
    ~~~~~~~~~~~^^^^^^^^^^^^^^^^^^^^^^^^^^^^^^^^^^^^^^^^
  File "C:\Users\doshi\Documents\Coding\github_projects\ItemGate\venv\Lib\site-packages\sqlalchemy\util\_concurrency_py3k.py", line 132, in await_only
    return current.parent.switch(awaitable)  # type: ignore[no-any-return,attr-defined] # noqa: E501
           ~~~~~~~~~~~~~~~~~~~~~^^^^^^^^^^^
  File "C:\Users\doshi\Documents\Coding\github_projects\ItemGate\venv\Lib\site-packages\sqlalchemy\util\_concurrency_py3k.py", line 196, in greenlet_spawn
    value = await result
            ^^^^^^^^^^^^
  File "C:\Users\doshi\Documents\Coding\github_projects\ItemGate\venv\Lib\site-packages\aiosqlite\cursor.py", line 40, in execute
    await self._execute(self._cursor.execute, sql, parameters)
  File "C:\Users\doshi\Documents\Coding\github_projects\ItemGate\venv\Lib\site-packages\aiosqlite\cursor.py", line 32, in _execute
    return await self._conn._execute(fn, *args, **kwargs)
           ^^^^^^^^^^^^^^^^^^^^^^^^^^^^^^^^^^^^^^^^^^^^^^
  File "C:\Users\doshi\Documents\Coding\github_projects\ItemGate\venv\Lib\site-packages\aiosqlite\core.py", line 160, in _execute
    return await future
           ^^^^^^^^^^^^
  File "C:\Users\doshi\Documents\Coding\github_projects\ItemGate\venv\Lib\site-packages\aiosqlite\core.py", line 63, in _connection_worker_thread
    result = function()
sqlalchemy.exc.OperationalError: (sqlite3.OperationalError) no such table: users
[SQL: SELECT users.email, users.hashed_password, users.full_name, users.is_active, users.role, users.id, users.created_at, users.updated_at 
FROM users 
WHERE users.email = ?]
[parameters: ('test3@com.com',)]
(Background on this error at: https://sqlalche.me/e/20/e3q8)
2026-02-14 04:25:23 - itemgate - ERROR - Ошибка: POST /sima-land/search_generated_items/виет | Время: 0.004с | Ошибка: SQL expression for WHERE/HAVING role expected, got (<sqlalchemy.sql.elements.BinaryExpression object at 0x00000207D64318B0>,).
Traceback (most recent call last):
  File "C:\Users\doshi\Documents\Coding\github_projects\ItemGate\src\itemgate_app\main.py", line 20, in log_requests
    response = await call_next(request)
               ^^^^^^^^^^^^^^^^^^^^^^^^
  File "C:\Users\doshi\Documents\Coding\github_projects\ItemGate\venv\Lib\site-packages\starlette\middleware\base.py", line 168, in call_next
    raise app_exc from app_exc.__cause__ or app_exc.__context__
  File "C:\Users\doshi\Documents\Coding\github_projects\ItemGate\venv\Lib\site-packages\starlette\middleware\base.py", line 144, in coro
    await self.app(scope, receive_or_disconnect, send_no_error)
  File "C:\Users\doshi\Documents\Coding\github_projects\ItemGate\venv\Lib\site-packages\starlette\middleware\exceptions.py", line 63, in __call__
    await wrap_app_handling_exceptions(self.app, conn)(scope, receive, send)
  File "C:\Users\doshi\Documents\Coding\github_projects\ItemGate\venv\Lib\site-packages\starlette\_exception_handler.py", line 53, in wrapped_app
    raise exc
  File "C:\Users\doshi\Documents\Coding\github_projects\ItemGate\venv\Lib\site-packages\starlette\_exception_handler.py", line 42, in wrapped_app
    await app(scope, receive, sender)
  File "C:\Users\doshi\Documents\Coding\github_projects\ItemGate\venv\Lib\site-packages\fastapi\middleware\asyncexitstack.py", line 18, in __call__
    await self.app(scope, receive, send)
  File "C:\Users\doshi\Documents\Coding\github_projects\ItemGate\venv\Lib\site-packages\starlette\routing.py", line 716, in __call__
    await self.middleware_stack(scope, receive, send)
  File "C:\Users\doshi\Documents\Coding\github_projects\ItemGate\venv\Lib\site-packages\starlette\routing.py", line 736, in app
    await route.handle(scope, receive, send)
  File "C:\Users\doshi\Documents\Coding\github_projects\ItemGate\venv\Lib\site-packages\starlette\routing.py", line 290, in handle
    await self.app(scope, receive, send)
  File "C:\Users\doshi\Documents\Coding\github_projects\ItemGate\venv\Lib\site-packages\fastapi\routing.py", line 115, in app
    await wrap_app_handling_exceptions(app, request)(scope, receive, send)
  File "C:\Users\doshi\Documents\Coding\github_projects\ItemGate\venv\Lib\site-packages\starlette\_exception_handler.py", line 53, in wrapped_app
    raise exc
  File "C:\Users\doshi\Documents\Coding\github_projects\ItemGate\venv\Lib\site-packages\starlette\_exception_handler.py", line 42, in wrapped_app
    await app(scope, receive, sender)
  File "C:\Users\doshi\Documents\Coding\github_projects\ItemGate\venv\Lib\site-packages\fastapi\routing.py", line 101, in app
    response = await f(request)
               ^^^^^^^^^^^^^^^^
  File "C:\Users\doshi\Documents\Coding\github_projects\ItemGate\venv\Lib\site-packages\fastapi\routing.py", line 355, in app
    raw_response = await run_endpoint_function(
                   ^^^^^^^^^^^^^^^^^^^^^^^^^^^^
    ...<3 lines>...
    )
    ^
  File "C:\Users\doshi\Documents\Coding\github_projects\ItemGate\venv\Lib\site-packages\fastapi\routing.py", line 243, in run_endpoint_function
    return await dependant.call(**values)
           ^^^^^^^^^^^^^^^^^^^^^^^^^^^^^^
  File "C:\Users\doshi\Documents\Coding\github_projects\ItemGate\src\itemgate_app\routers\sima_land\search.py", line 90, in search_generated_items
    .where(
     ~~~~~^
        UserGeneration.user_id == current_user.id,
        ^^^^^^^^^^^^^^^^^^^^^^^^^^^^^^^^^^^^^^^^^^
    ...<2 lines>...
        )
        ^
    )
    ^
  File "<string>", line 2, in where
  File "C:\Users\doshi\Documents\Coding\github_projects\ItemGate\venv\Lib\site-packages\sqlalchemy\sql\base.py", line 284, in _generative
    x = fn(self, *args, **kw)
  File "C:\Users\doshi\Documents\Coding\github_projects\ItemGate\venv\Lib\site-packages\sqlalchemy\sql\selectable.py", line 6252, in where
    where_criteria: ColumnElement[Any] = coercions.expect(
                                         ~~~~~~~~~~~~~~~~^
        roles.WhereHavingRole, criterion, apply_propagate_attrs=self
        ^^^^^^^^^^^^^^^^^^^^^^^^^^^^^^^^^^^^^^^^^^^^^^^^^^^^^^^^^^^^
    )
    ^
  File "C:\Users\doshi\Documents\Coding\github_projects\ItemGate\venv\Lib\site-packages\sqlalchemy\sql\coercions.py", line 396, in expect
    resolved = impl._literal_coercion(
        element, argname=argname, **kw
    )
  File "C:\Users\doshi\Documents\Coding\github_projects\ItemGate\venv\Lib\site-packages\sqlalchemy\sql\coercions.py", line 635, in _literal_coercion
    self._raise_for_expected(element, argname)
    ~~~~~~~~~~~~~~~~~~~~~~~~^^^^^^^^^^^^^^^^^^
  File "C:\Users\doshi\Documents\Coding\github_projects\ItemGate\venv\Lib\site-packages\sqlalchemy\sql\coercions.py", line 519, in _raise_for_expected
    raise exc.ArgumentError(msg, code=code) from err
sqlalchemy.exc.ArgumentError: SQL expression for WHERE/HAVING role expected, got (<sqlalchemy.sql.elements.BinaryExpression object at 0x00000207D64318B0>,).
2026-02-14 04:25:26 - itemgate - ERROR - Ошибка: POST /sima-land/search_generated_items/винт | Время: 0.003с | Ошибка: SQL expression for WHERE/HAVING role expected, got (<sqlalchemy.sql.elements.BinaryExpression object at 0x00000207D64D5950>,).
Traceback (most recent call last):
  File "C:\Users\doshi\Documents\Coding\github_projects\ItemGate\src\itemgate_app\main.py", line 20, in log_requests
    response = await call_next(request)
               ^^^^^^^^^^^^^^^^^^^^^^^^
  File "C:\Users\doshi\Documents\Coding\github_projects\ItemGate\venv\Lib\site-packages\starlette\middleware\base.py", line 168, in call_next
    raise app_exc from app_exc.__cause__ or app_exc.__context__
  File "C:\Users\doshi\Documents\Coding\github_projects\ItemGate\venv\Lib\site-packages\starlette\middleware\base.py", line 144, in coro
    await self.app(scope, receive_or_disconnect, send_no_error)
  File "C:\Users\doshi\Documents\Coding\github_projects\ItemGate\venv\Lib\site-packages\starlette\middleware\exceptions.py", line 63, in __call__
    await wrap_app_handling_exceptions(self.app, conn)(scope, receive, send)
  File "C:\Users\doshi\Documents\Coding\github_projects\ItemGate\venv\Lib\site-packages\starlette\_exception_handler.py", line 53, in wrapped_app
    raise exc
  File "C:\Users\doshi\Documents\Coding\github_projects\ItemGate\venv\Lib\site-packages\starlette\_exception_handler.py", line 42, in wrapped_app
    await app(scope, receive, sender)
  File "C:\Users\doshi\Documents\Coding\github_projects\ItemGate\venv\Lib\site-packages\fastapi\middleware\asyncexitstack.py", line 18, in __call__
    await self.app(scope, receive, send)
  File "C:\Users\doshi\Documents\Coding\github_projects\ItemGate\venv\Lib\site-packages\starlette\routing.py", line 716, in __call__
    await self.middleware_stack(scope, receive, send)
  File "C:\Users\doshi\Documents\Coding\github_projects\ItemGate\venv\Lib\site-packages\starlette\routing.py", line 736, in app
    await route.handle(scope, receive, send)
  File "C:\Users\doshi\Documents\Coding\github_projects\ItemGate\venv\Lib\site-packages\starlette\routing.py", line 290, in handle
    await self.app(scope, receive, send)
  File "C:\Users\doshi\Documents\Coding\github_projects\ItemGate\venv\Lib\site-packages\fastapi\routing.py", line 115, in app
    await wrap_app_handling_exceptions(app, request)(scope, receive, send)
  File "C:\Users\doshi\Documents\Coding\github_projects\ItemGate\venv\Lib\site-packages\starlette\_exception_handler.py", line 53, in wrapped_app
    raise exc
  File "C:\Users\doshi\Documents\Coding\github_projects\ItemGate\venv\Lib\site-packages\starlette\_exception_handler.py", line 42, in wrapped_app
    await app(scope, receive, sender)
  File "C:\Users\doshi\Documents\Coding\github_projects\ItemGate\venv\Lib\site-packages\fastapi\routing.py", line 101, in app
    response = await f(request)
               ^^^^^^^^^^^^^^^^
  File "C:\Users\doshi\Documents\Coding\github_projects\ItemGate\venv\Lib\site-packages\fastapi\routing.py", line 355, in app
    raw_response = await run_endpoint_function(
                   ^^^^^^^^^^^^^^^^^^^^^^^^^^^^
    ...<3 lines>...
    )
    ^
  File "C:\Users\doshi\Documents\Coding\github_projects\ItemGate\venv\Lib\site-packages\fastapi\routing.py", line 243, in run_endpoint_function
    return await dependant.call(**values)
           ^^^^^^^^^^^^^^^^^^^^^^^^^^^^^^
  File "C:\Users\doshi\Documents\Coding\github_projects\ItemGate\src\itemgate_app\routers\sima_land\search.py", line 90, in search_generated_items
    .where(
     ~~~~~^
        UserGeneration.user_id == current_user.id,
        ^^^^^^^^^^^^^^^^^^^^^^^^^^^^^^^^^^^^^^^^^^
    ...<2 lines>...
        )
        ^
    )
    ^
  File "<string>", line 2, in where
  File "C:\Users\doshi\Documents\Coding\github_projects\ItemGate\venv\Lib\site-packages\sqlalchemy\sql\base.py", line 284, in _generative
    x = fn(self, *args, **kw)
  File "C:\Users\doshi\Documents\Coding\github_projects\ItemGate\venv\Lib\site-packages\sqlalchemy\sql\selectable.py", line 6252, in where
    where_criteria: ColumnElement[Any] = coercions.expect(
                                         ~~~~~~~~~~~~~~~~^
        roles.WhereHavingRole, criterion, apply_propagate_attrs=self
        ^^^^^^^^^^^^^^^^^^^^^^^^^^^^^^^^^^^^^^^^^^^^^^^^^^^^^^^^^^^^
    )
    ^
  File "C:\Users\doshi\Documents\Coding\github_projects\ItemGate\venv\Lib\site-packages\sqlalchemy\sql\coercions.py", line 396, in expect
    resolved = impl._literal_coercion(
        element, argname=argname, **kw
    )
  File "C:\Users\doshi\Documents\Coding\github_projects\ItemGate\venv\Lib\site-packages\sqlalchemy\sql\coercions.py", line 635, in _literal_coercion
    self._raise_for_expected(element, argname)
    ~~~~~~~~~~~~~~~~~~~~~~~~^^^^^^^^^^^^^^^^^^
  File "C:\Users\doshi\Documents\Coding\github_projects\ItemGate\venv\Lib\site-packages\sqlalchemy\sql\coercions.py", line 519, in _raise_for_expected
    raise exc.ArgumentError(msg, code=code) from err
sqlalchemy.exc.ArgumentError: SQL expression for WHERE/HAVING role expected, got (<sqlalchemy.sql.elements.BinaryExpression object at 0x00000207D64D5950>,).
2026-02-14 04:27:29 - itemgate - ERROR - Ошибка: POST /sima-land/search_generated_items/винт | Время: 0.023с | Ошибка: 'NoneType' object has no attribute 'id'
Traceback (most recent call last):
  File "C:\Users\doshi\Documents\Coding\github_projects\ItemGate\src\itemgate_app\main.py", line 20, in log_requests
    response = await call_next(request)
               ^^^^^^^^^^^^^^^^^^^^^^^^
  File "C:\Users\doshi\Documents\Coding\github_projects\ItemGate\venv\Lib\site-packages\starlette\middleware\base.py", line 168, in call_next
    raise app_exc from app_exc.__cause__ or app_exc.__context__
  File "C:\Users\doshi\Documents\Coding\github_projects\ItemGate\venv\Lib\site-packages\starlette\middleware\base.py", line 144, in coro
    await self.app(scope, receive_or_disconnect, send_no_error)
  File "C:\Users\doshi\Documents\Coding\github_projects\ItemGate\venv\Lib\site-packages\starlette\middleware\exceptions.py", line 63, in __call__
    await wrap_app_handling_exceptions(self.app, conn)(scope, receive, send)
  File "C:\Users\doshi\Documents\Coding\github_projects\ItemGate\venv\Lib\site-packages\starlette\_exception_handler.py", line 53, in wrapped_app
    raise exc
  File "C:\Users\doshi\Documents\Coding\github_projects\ItemGate\venv\Lib\site-packages\starlette\_exception_handler.py", line 42, in wrapped_app
    await app(scope, receive, sender)
  File "C:\Users\doshi\Documents\Coding\github_projects\ItemGate\venv\Lib\site-packages\fastapi\middleware\asyncexitstack.py", line 18, in __call__
    await self.app(scope, receive, send)
  File "C:\Users\doshi\Documents\Coding\github_projects\ItemGate\venv\Lib\site-packages\starlette\routing.py", line 716, in __call__
    await self.middleware_stack(scope, receive, send)
  File "C:\Users\doshi\Documents\Coding\github_projects\ItemGate\venv\Lib\site-packages\starlette\routing.py", line 736, in app
    await route.handle(scope, receive, send)
  File "C:\Users\doshi\Documents\Coding\github_projects\ItemGate\venv\Lib\site-packages\starlette\routing.py", line 290, in handle
    await self.app(scope, receive, send)
  File "C:\Users\doshi\Documents\Coding\github_projects\ItemGate\venv\Lib\site-packages\fastapi\routing.py", line 115, in app
    await wrap_app_handling_exceptions(app, request)(scope, receive, send)
  File "C:\Users\doshi\Documents\Coding\github_projects\ItemGate\venv\Lib\site-packages\starlette\_exception_handler.py", line 53, in wrapped_app
    raise exc
  File "C:\Users\doshi\Documents\Coding\github_projects\ItemGate\venv\Lib\site-packages\starlette\_exception_handler.py", line 42, in wrapped_app
    await app(scope, receive, sender)
  File "C:\Users\doshi\Documents\Coding\github_projects\ItemGate\venv\Lib\site-packages\fastapi\routing.py", line 101, in app
    response = await f(request)
               ^^^^^^^^^^^^^^^^
  File "C:\Users\doshi\Documents\Coding\github_projects\ItemGate\venv\Lib\site-packages\fastapi\routing.py", line 355, in app
    raw_response = await run_endpoint_function(
                   ^^^^^^^^^^^^^^^^^^^^^^^^^^^^
    ...<3 lines>...
    )
    ^
  File "C:\Users\doshi\Documents\Coding\github_projects\ItemGate\venv\Lib\site-packages\fastapi\routing.py", line 243, in run_endpoint_function
    return await dependant.call(**values)
           ^^^^^^^^^^^^^^^^^^^^^^^^^^^^^^
  File "C:\Users\doshi\Documents\Coding\github_projects\ItemGate\src\itemgate_app\routers\sima_land\search.py", line 119, in search_generated_items
    "id": ci.id,
          ^^^^^
AttributeError: 'NoneType' object has no attribute 'id'
2026-02-14 04:39:34 - itemgate - ERROR - Ошибка: GET /sima-land/get_items | Время: 0.016с | Ошибка: can only concatenate str (not "int") to str
Traceback (most recent call last):
  File "C:\Users\doshi\Documents\Coding\github_projects\ItemGate\src\itemgate_app\main.py", line 20, in log_requests
    response = await call_next(request)
               ^^^^^^^^^^^^^^^^^^^^^^^^
  File "C:\Users\doshi\Documents\Coding\github_projects\ItemGate\venv\Lib\site-packages\starlette\middleware\base.py", line 168, in call_next
    raise app_exc from app_exc.__cause__ or app_exc.__context__
  File "C:\Users\doshi\Documents\Coding\github_projects\ItemGate\venv\Lib\site-packages\starlette\middleware\base.py", line 144, in coro
    await self.app(scope, receive_or_disconnect, send_no_error)
  File "C:\Users\doshi\Documents\Coding\github_projects\ItemGate\venv\Lib\site-packages\starlette\middleware\exceptions.py", line 63, in __call__
    await wrap_app_handling_exceptions(self.app, conn)(scope, receive, send)
  File "C:\Users\doshi\Documents\Coding\github_projects\ItemGate\venv\Lib\site-packages\starlette\_exception_handler.py", line 53, in wrapped_app
    raise exc
  File "C:\Users\doshi\Documents\Coding\github_projects\ItemGate\venv\Lib\site-packages\starlette\_exception_handler.py", line 42, in wrapped_app
    await app(scope, receive, sender)
  File "C:\Users\doshi\Documents\Coding\github_projects\ItemGate\venv\Lib\site-packages\fastapi\middleware\asyncexitstack.py", line 18, in __call__
    await self.app(scope, receive, send)
  File "C:\Users\doshi\Documents\Coding\github_projects\ItemGate\venv\Lib\site-packages\starlette\routing.py", line 716, in __call__
    await self.middleware_stack(scope, receive, send)
  File "C:\Users\doshi\Documents\Coding\github_projects\ItemGate\venv\Lib\site-packages\starlette\routing.py", line 736, in app
    await route.handle(scope, receive, send)
  File "C:\Users\doshi\Documents\Coding\github_projects\ItemGate\venv\Lib\site-packages\starlette\routing.py", line 290, in handle
    await self.app(scope, receive, send)
  File "C:\Users\doshi\Documents\Coding\github_projects\ItemGate\venv\Lib\site-packages\fastapi\routing.py", line 115, in app
    await wrap_app_handling_exceptions(app, request)(scope, receive, send)
  File "C:\Users\doshi\Documents\Coding\github_projects\ItemGate\venv\Lib\site-packages\starlette\_exception_handler.py", line 53, in wrapped_app
    raise exc
  File "C:\Users\doshi\Documents\Coding\github_projects\ItemGate\venv\Lib\site-packages\starlette\_exception_handler.py", line 42, in wrapped_app
    await app(scope, receive, sender)
  File "C:\Users\doshi\Documents\Coding\github_projects\ItemGate\venv\Lib\site-packages\fastapi\routing.py", line 101, in app
    response = await f(request)
               ^^^^^^^^^^^^^^^^
  File "C:\Users\doshi\Documents\Coding\github_projects\ItemGate\venv\Lib\site-packages\fastapi\routing.py", line 355, in app
    raw_response = await run_endpoint_function(
                   ^^^^^^^^^^^^^^^^^^^^^^^^^^^^
    ...<3 lines>...
    )
    ^
  File "C:\Users\doshi\Documents\Coding\github_projects\ItemGate\venv\Lib\site-packages\fastapi\routing.py", line 243, in run_endpoint_function
    return await dependant.call(**values)
           ^^^^^^^^^^^^^^^^^^^^^^^^^^^^^^
  File "C:\Users\doshi\Documents\Coding\github_projects\ItemGate\src\itemgate_app\routers\sima_land\getters.py", line 39, in get_catalog_items
    print(UserGeneration.user_id, "    adasdasd asd as d ass      " + current_user.id)
                                  ~~~~~~~~~~~~~~~~~~~~~~~~~~~~~~~~~~^~~~~~~~~~~~~~~~~
TypeError: can only concatenate str (not "int") to str
2026-02-14 04:39:34 - itemgate - ERROR - Ошибка: GET /sima-land/get_items | Время: 0.025с | Ошибка: can only concatenate str (not "int") to str
Traceback (most recent call last):
  File "C:\Users\doshi\Documents\Coding\github_projects\ItemGate\src\itemgate_app\main.py", line 20, in log_requests
    response = await call_next(request)
               ^^^^^^^^^^^^^^^^^^^^^^^^
  File "C:\Users\doshi\Documents\Coding\github_projects\ItemGate\venv\Lib\site-packages\starlette\middleware\base.py", line 168, in call_next
    raise app_exc from app_exc.__cause__ or app_exc.__context__
  File "C:\Users\doshi\Documents\Coding\github_projects\ItemGate\venv\Lib\site-packages\starlette\middleware\base.py", line 144, in coro
    await self.app(scope, receive_or_disconnect, send_no_error)
  File "C:\Users\doshi\Documents\Coding\github_projects\ItemGate\venv\Lib\site-packages\starlette\middleware\exceptions.py", line 63, in __call__
    await wrap_app_handling_exceptions(self.app, conn)(scope, receive, send)
  File "C:\Users\doshi\Documents\Coding\github_projects\ItemGate\venv\Lib\site-packages\starlette\_exception_handler.py", line 53, in wrapped_app
    raise exc
  File "C:\Users\doshi\Documents\Coding\github_projects\ItemGate\venv\Lib\site-packages\starlette\_exception_handler.py", line 42, in wrapped_app
    await app(scope, receive, sender)
  File "C:\Users\doshi\Documents\Coding\github_projects\ItemGate\venv\Lib\site-packages\fastapi\middleware\asyncexitstack.py", line 18, in __call__
    await self.app(scope, receive, send)
  File "C:\Users\doshi\Documents\Coding\github_projects\ItemGate\venv\Lib\site-packages\starlette\routing.py", line 716, in __call__
    await self.middleware_stack(scope, receive, send)
  File "C:\Users\doshi\Documents\Coding\github_projects\ItemGate\venv\Lib\site-packages\starlette\routing.py", line 736, in app
    await route.handle(scope, receive, send)
  File "C:\Users\doshi\Documents\Coding\github_projects\ItemGate\venv\Lib\site-packages\starlette\routing.py", line 290, in handle
    await self.app(scope, receive, send)
  File "C:\Users\doshi\Documents\Coding\github_projects\ItemGate\venv\Lib\site-packages\fastapi\routing.py", line 115, in app
    await wrap_app_handling_exceptions(app, request)(scope, receive, send)
  File "C:\Users\doshi\Documents\Coding\github_projects\ItemGate\venv\Lib\site-packages\starlette\_exception_handler.py", line 53, in wrapped_app
    raise exc
  File "C:\Users\doshi\Documents\Coding\github_projects\ItemGate\venv\Lib\site-packages\starlette\_exception_handler.py", line 42, in wrapped_app
    await app(scope, receive, sender)
  File "C:\Users\doshi\Documents\Coding\github_projects\ItemGate\venv\Lib\site-packages\fastapi\routing.py", line 101, in app
    response = await f(request)
               ^^^^^^^^^^^^^^^^
  File "C:\Users\doshi\Documents\Coding\github_projects\ItemGate\venv\Lib\site-packages\fastapi\routing.py", line 355, in app
    raw_response = await run_endpoint_function(
                   ^^^^^^^^^^^^^^^^^^^^^^^^^^^^
    ...<3 lines>...
    )
    ^
  File "C:\Users\doshi\Documents\Coding\github_projects\ItemGate\venv\Lib\site-packages\fastapi\routing.py", line 243, in run_endpoint_function
    return await dependant.call(**values)
           ^^^^^^^^^^^^^^^^^^^^^^^^^^^^^^
  File "C:\Users\doshi\Documents\Coding\github_projects\ItemGate\src\itemgate_app\routers\sima_land\getters.py", line 39, in get_catalog_items
    print(UserGeneration.user_id, "    adasdasd asd as d ass      " + current_user.id)
                                  ~~~~~~~~~~~~~~~~~~~~~~~~~~~~~~~~~~^~~~~~~~~~~~~~~~~
TypeError: can only concatenate str (not "int") to str
2026-02-14 04:39:34 - itemgate - ERROR - Ошибка: GET /sima-land/get_items | Время: 0.041с | Ошибка: can only concatenate str (not "int") to str
Traceback (most recent call last):
  File "C:\Users\doshi\Documents\Coding\github_projects\ItemGate\src\itemgate_app\main.py", line 20, in log_requests
    response = await call_next(request)
               ^^^^^^^^^^^^^^^^^^^^^^^^
  File "C:\Users\doshi\Documents\Coding\github_projects\ItemGate\venv\Lib\site-packages\starlette\middleware\base.py", line 168, in call_next
    raise app_exc from app_exc.__cause__ or app_exc.__context__
  File "C:\Users\doshi\Documents\Coding\github_projects\ItemGate\venv\Lib\site-packages\starlette\middleware\base.py", line 144, in coro
    await self.app(scope, receive_or_disconnect, send_no_error)
  File "C:\Users\doshi\Documents\Coding\github_projects\ItemGate\venv\Lib\site-packages\starlette\middleware\exceptions.py", line 63, in __call__
    await wrap_app_handling_exceptions(self.app, conn)(scope, receive, send)
  File "C:\Users\doshi\Documents\Coding\github_projects\ItemGate\venv\Lib\site-packages\starlette\_exception_handler.py", line 53, in wrapped_app
    raise exc
  File "C:\Users\doshi\Documents\Coding\github_projects\ItemGate\venv\Lib\site-packages\starlette\_exception_handler.py", line 42, in wrapped_app
    await app(scope, receive, sender)
  File "C:\Users\doshi\Documents\Coding\github_projects\ItemGate\venv\Lib\site-packages\fastapi\middleware\asyncexitstack.py", line 18, in __call__
    await self.app(scope, receive, send)
  File "C:\Users\doshi\Documents\Coding\github_projects\ItemGate\venv\Lib\site-packages\starlette\routing.py", line 716, in __call__
    await self.middleware_stack(scope, receive, send)
  File "C:\Users\doshi\Documents\Coding\github_projects\ItemGate\venv\Lib\site-packages\starlette\routing.py", line 736, in app
    await route.handle(scope, receive, send)
  File "C:\Users\doshi\Documents\Coding\github_projects\ItemGate\venv\Lib\site-packages\starlette\routing.py", line 290, in handle
    await self.app(scope, receive, send)
  File "C:\Users\doshi\Documents\Coding\github_projects\ItemGate\venv\Lib\site-packages\fastapi\routing.py", line 115, in app
    await wrap_app_handling_exceptions(app, request)(scope, receive, send)
  File "C:\Users\doshi\Documents\Coding\github_projects\ItemGate\venv\Lib\site-packages\starlette\_exception_handler.py", line 53, in wrapped_app
    raise exc
  File "C:\Users\doshi\Documents\Coding\github_projects\ItemGate\venv\Lib\site-packages\starlette\_exception_handler.py", line 42, in wrapped_app
    await app(scope, receive, sender)
  File "C:\Users\doshi\Documents\Coding\github_projects\ItemGate\venv\Lib\site-packages\fastapi\routing.py", line 101, in app
    response = await f(request)
               ^^^^^^^^^^^^^^^^
  File "C:\Users\doshi\Documents\Coding\github_projects\ItemGate\venv\Lib\site-packages\fastapi\routing.py", line 355, in app
    raw_response = await run_endpoint_function(
                   ^^^^^^^^^^^^^^^^^^^^^^^^^^^^
    ...<3 lines>...
    )
    ^
  File "C:\Users\doshi\Documents\Coding\github_projects\ItemGate\venv\Lib\site-packages\fastapi\routing.py", line 243, in run_endpoint_function
    return await dependant.call(**values)
           ^^^^^^^^^^^^^^^^^^^^^^^^^^^^^^
  File "C:\Users\doshi\Documents\Coding\github_projects\ItemGate\src\itemgate_app\routers\sima_land\getters.py", line 39, in get_catalog_items
    print(UserGeneration.user_id, "    adasdasd asd as d ass      " + current_user.id)
                                  ~~~~~~~~~~~~~~~~~~~~~~~~~~~~~~~~~~^~~~~~~~~~~~~~~~~
TypeError: can only concatenate str (not "int") to str
2026-02-14 04:40:46 - itemgate - ERROR - Ошибка: GET /sima-land/get_items | Время: 0.020с | Ошибка: can only concatenate str (not "int") to str
Traceback (most recent call last):
  File "C:\Users\doshi\Documents\Coding\github_projects\ItemGate\src\itemgate_app\main.py", line 20, in log_requests
    response = await call_next(request)
               ^^^^^^^^^^^^^^^^^^^^^^^^
  File "C:\Users\doshi\Documents\Coding\github_projects\ItemGate\venv\Lib\site-packages\starlette\middleware\base.py", line 168, in call_next
    raise app_exc from app_exc.__cause__ or app_exc.__context__
  File "C:\Users\doshi\Documents\Coding\github_projects\ItemGate\venv\Lib\site-packages\starlette\middleware\base.py", line 144, in coro
    await self.app(scope, receive_or_disconnect, send_no_error)
  File "C:\Users\doshi\Documents\Coding\github_projects\ItemGate\venv\Lib\site-packages\starlette\middleware\exceptions.py", line 63, in __call__
    await wrap_app_handling_exceptions(self.app, conn)(scope, receive, send)
  File "C:\Users\doshi\Documents\Coding\github_projects\ItemGate\venv\Lib\site-packages\starlette\_exception_handler.py", line 53, in wrapped_app
    raise exc
  File "C:\Users\doshi\Documents\Coding\github_projects\ItemGate\venv\Lib\site-packages\starlette\_exception_handler.py", line 42, in wrapped_app
    await app(scope, receive, sender)
  File "C:\Users\doshi\Documents\Coding\github_projects\ItemGate\venv\Lib\site-packages\fastapi\middleware\asyncexitstack.py", line 18, in __call__
    await self.app(scope, receive, send)
  File "C:\Users\doshi\Documents\Coding\github_projects\ItemGate\venv\Lib\site-packages\starlette\routing.py", line 716, in __call__
    await self.middleware_stack(scope, receive, send)
  File "C:\Users\doshi\Documents\Coding\github_projects\ItemGate\venv\Lib\site-packages\starlette\routing.py", line 736, in app
    await route.handle(scope, receive, send)
  File "C:\Users\doshi\Documents\Coding\github_projects\ItemGate\venv\Lib\site-packages\starlette\routing.py", line 290, in handle
    await self.app(scope, receive, send)
  File "C:\Users\doshi\Documents\Coding\github_projects\ItemGate\venv\Lib\site-packages\fastapi\routing.py", line 115, in app
    await wrap_app_handling_exceptions(app, request)(scope, receive, send)
  File "C:\Users\doshi\Documents\Coding\github_projects\ItemGate\venv\Lib\site-packages\starlette\_exception_handler.py", line 53, in wrapped_app
    raise exc
  File "C:\Users\doshi\Documents\Coding\github_projects\ItemGate\venv\Lib\site-packages\starlette\_exception_handler.py", line 42, in wrapped_app
    await app(scope, receive, sender)
  File "C:\Users\doshi\Documents\Coding\github_projects\ItemGate\venv\Lib\site-packages\fastapi\routing.py", line 101, in app
    response = await f(request)
               ^^^^^^^^^^^^^^^^
  File "C:\Users\doshi\Documents\Coding\github_projects\ItemGate\venv\Lib\site-packages\fastapi\routing.py", line 355, in app
    raw_response = await run_endpoint_function(
                   ^^^^^^^^^^^^^^^^^^^^^^^^^^^^
    ...<3 lines>...
    )
    ^
  File "C:\Users\doshi\Documents\Coding\github_projects\ItemGate\venv\Lib\site-packages\fastapi\routing.py", line 243, in run_endpoint_function
    return await dependant.call(**values)
           ^^^^^^^^^^^^^^^^^^^^^^^^^^^^^^
  File "C:\Users\doshi\Documents\Coding\github_projects\ItemGate\src\itemgate_app\routers\sima_land\getters.py", line 39, in get_catalog_items
    print(UserGeneration.user_id, "    adasdasd asd as d ass      " + current_user.id)
                                  ~~~~~~~~~~~~~~~~~~~~~~~~~~~~~~~~~~^~~~~~~~~~~~~~~~~
TypeError: can only concatenate str (not "int") to str
2026-02-14 04:40:46 - itemgate - ERROR - Ошибка: GET /sima-land/get_items | Время: 0.032с | Ошибка: can only concatenate str (not "int") to str
Traceback (most recent call last):
  File "C:\Users\doshi\Documents\Coding\github_projects\ItemGate\src\itemgate_app\main.py", line 20, in log_requests
    response = await call_next(request)
               ^^^^^^^^^^^^^^^^^^^^^^^^
  File "C:\Users\doshi\Documents\Coding\github_projects\ItemGate\venv\Lib\site-packages\starlette\middleware\base.py", line 168, in call_next
    raise app_exc from app_exc.__cause__ or app_exc.__context__
  File "C:\Users\doshi\Documents\Coding\github_projects\ItemGate\venv\Lib\site-packages\starlette\middleware\base.py", line 144, in coro
    await self.app(scope, receive_or_disconnect, send_no_error)
  File "C:\Users\doshi\Documents\Coding\github_projects\ItemGate\venv\Lib\site-packages\starlette\middleware\exceptions.py", line 63, in __call__
    await wrap_app_handling_exceptions(self.app, conn)(scope, receive, send)
  File "C:\Users\doshi\Documents\Coding\github_projects\ItemGate\venv\Lib\site-packages\starlette\_exception_handler.py", line 53, in wrapped_app
    raise exc
  File "C:\Users\doshi\Documents\Coding\github_projects\ItemGate\venv\Lib\site-packages\starlette\_exception_handler.py", line 42, in wrapped_app
    await app(scope, receive, sender)
  File "C:\Users\doshi\Documents\Coding\github_projects\ItemGate\venv\Lib\site-packages\fastapi\middleware\asyncexitstack.py", line 18, in __call__
    await self.app(scope, receive, send)
  File "C:\Users\doshi\Documents\Coding\github_projects\ItemGate\venv\Lib\site-packages\starlette\routing.py", line 716, in __call__
    await self.middleware_stack(scope, receive, send)
  File "C:\Users\doshi\Documents\Coding\github_projects\ItemGate\venv\Lib\site-packages\starlette\routing.py", line 736, in app
    await route.handle(scope, receive, send)
  File "C:\Users\doshi\Documents\Coding\github_projects\ItemGate\venv\Lib\site-packages\starlette\routing.py", line 290, in handle
    await self.app(scope, receive, send)
  File "C:\Users\doshi\Documents\Coding\github_projects\ItemGate\venv\Lib\site-packages\fastapi\routing.py", line 115, in app
    await wrap_app_handling_exceptions(app, request)(scope, receive, send)
  File "C:\Users\doshi\Documents\Coding\github_projects\ItemGate\venv\Lib\site-packages\starlette\_exception_handler.py", line 53, in wrapped_app
    raise exc
  File "C:\Users\doshi\Documents\Coding\github_projects\ItemGate\venv\Lib\site-packages\starlette\_exception_handler.py", line 42, in wrapped_app
    await app(scope, receive, sender)
  File "C:\Users\doshi\Documents\Coding\github_projects\ItemGate\venv\Lib\site-packages\fastapi\routing.py", line 101, in app
    response = await f(request)
               ^^^^^^^^^^^^^^^^
  File "C:\Users\doshi\Documents\Coding\github_projects\ItemGate\venv\Lib\site-packages\fastapi\routing.py", line 355, in app
    raw_response = await run_endpoint_function(
                   ^^^^^^^^^^^^^^^^^^^^^^^^^^^^
    ...<3 lines>...
    )
    ^
  File "C:\Users\doshi\Documents\Coding\github_projects\ItemGate\venv\Lib\site-packages\fastapi\routing.py", line 243, in run_endpoint_function
    return await dependant.call(**values)
           ^^^^^^^^^^^^^^^^^^^^^^^^^^^^^^
  File "C:\Users\doshi\Documents\Coding\github_projects\ItemGate\src\itemgate_app\routers\sima_land\getters.py", line 39, in get_catalog_items
    print(UserGeneration.user_id, "    adasdasd asd as d ass      " + current_user.id)
                                  ~~~~~~~~~~~~~~~~~~~~~~~~~~~~~~~~~~^~~~~~~~~~~~~~~~~
TypeError: can only concatenate str (not "int") to str
2026-02-14 04:40:46 - itemgate - ERROR - Ошибка: GET /sima-land/get_items | Время: 0.055с | Ошибка: can only concatenate str (not "int") to str
Traceback (most recent call last):
  File "C:\Users\doshi\Documents\Coding\github_projects\ItemGate\src\itemgate_app\main.py", line 20, in log_requests
    response = await call_next(request)
               ^^^^^^^^^^^^^^^^^^^^^^^^
  File "C:\Users\doshi\Documents\Coding\github_projects\ItemGate\venv\Lib\site-packages\starlette\middleware\base.py", line 168, in call_next
    raise app_exc from app_exc.__cause__ or app_exc.__context__
  File "C:\Users\doshi\Documents\Coding\github_projects\ItemGate\venv\Lib\site-packages\starlette\middleware\base.py", line 144, in coro
    await self.app(scope, receive_or_disconnect, send_no_error)
  File "C:\Users\doshi\Documents\Coding\github_projects\ItemGate\venv\Lib\site-packages\starlette\middleware\exceptions.py", line 63, in __call__
    await wrap_app_handling_exceptions(self.app, conn)(scope, receive, send)
  File "C:\Users\doshi\Documents\Coding\github_projects\ItemGate\venv\Lib\site-packages\starlette\_exception_handler.py", line 53, in wrapped_app
    raise exc
  File "C:\Users\doshi\Documents\Coding\github_projects\ItemGate\venv\Lib\site-packages\starlette\_exception_handler.py", line 42, in wrapped_app
    await app(scope, receive, sender)
  File "C:\Users\doshi\Documents\Coding\github_projects\ItemGate\venv\Lib\site-packages\fastapi\middleware\asyncexitstack.py", line 18, in __call__
    await self.app(scope, receive, send)
  File "C:\Users\doshi\Documents\Coding\github_projects\ItemGate\venv\Lib\site-packages\starlette\routing.py", line 716, in __call__
    await self.middleware_stack(scope, receive, send)
  File "C:\Users\doshi\Documents\Coding\github_projects\ItemGate\venv\Lib\site-packages\starlette\routing.py", line 736, in app
    await route.handle(scope, receive, send)
  File "C:\Users\doshi\Documents\Coding\github_projects\ItemGate\venv\Lib\site-packages\starlette\routing.py", line 290, in handle
    await self.app(scope, receive, send)
  File "C:\Users\doshi\Documents\Coding\github_projects\ItemGate\venv\Lib\site-packages\fastapi\routing.py", line 115, in app
    await wrap_app_handling_exceptions(app, request)(scope, receive, send)
  File "C:\Users\doshi\Documents\Coding\github_projects\ItemGate\venv\Lib\site-packages\starlette\_exception_handler.py", line 53, in wrapped_app
    raise exc
  File "C:\Users\doshi\Documents\Coding\github_projects\ItemGate\venv\Lib\site-packages\starlette\_exception_handler.py", line 42, in wrapped_app
    await app(scope, receive, sender)
  File "C:\Users\doshi\Documents\Coding\github_projects\ItemGate\venv\Lib\site-packages\fastapi\routing.py", line 101, in app
    response = await f(request)
               ^^^^^^^^^^^^^^^^
  File "C:\Users\doshi\Documents\Coding\github_projects\ItemGate\venv\Lib\site-packages\fastapi\routing.py", line 355, in app
    raw_response = await run_endpoint_function(
                   ^^^^^^^^^^^^^^^^^^^^^^^^^^^^
    ...<3 lines>...
    )
    ^
  File "C:\Users\doshi\Documents\Coding\github_projects\ItemGate\venv\Lib\site-packages\fastapi\routing.py", line 243, in run_endpoint_function
    return await dependant.call(**values)
           ^^^^^^^^^^^^^^^^^^^^^^^^^^^^^^
  File "C:\Users\doshi\Documents\Coding\github_projects\ItemGate\src\itemgate_app\routers\sima_land\getters.py", line 39, in get_catalog_items
    print(UserGeneration.user_id, "    adasdasd asd as d ass      " + current_user.id)
                                  ~~~~~~~~~~~~~~~~~~~~~~~~~~~~~~~~~~^~~~~~~~~~~~~~~~~
TypeError: can only concatenate str (not "int") to str
